<?xml version="1.0" encoding="UTF-8"?>
<testng-results ignored="0" total="1" passed="1" failed="0" skipped="0">
  <reporter-output>
  </reporter-output>
  <suite started-at="2018-08-17T22:27:16Z" name="Surefire suite" finished-at="2018-08-17T22:28:06Z" duration-ms="50114">
    <groups>
    </groups>
    <test started-at="2018-08-17T22:27:16Z" name="Surefire test" finished-at="2018-08-17T22:28:06Z" duration-ms="50114">
      <class name="Group.Framework.AmazonTest">
        <test-method is-config="true" signature="setUp()[pri:0, instance:Group.Framework.AmazonTest@16ec5519]" started-at="2018-08-17T22:27:16Z" name="setUp" finished-at="2018-08-17T22:27:19Z" duration-ms="3595" status="PASS">
          <reporter-output>
          </reporter-output>
        </test-method> <!-- setUp -->
        <test-method is-config="true" signature="openHomePage()[pri:0, instance:Group.Framework.AmazonTest@16ec5519]" started-at="2018-08-17T22:27:19Z" name="openHomePage" finished-at="2018-08-17T22:27:28Z" duration-ms="8847" status="PASS">
          <reporter-output>
          </reporter-output>
        </test-method> <!-- openHomePage -->
        <test-method signature="test()[pri:0, instance:Group.Framework.AmazonTest@16ec5519]" started-at="2018-08-17T22:27:28Z" name="test" finished-at="2018-08-17T22:28:05Z" duration-ms="36916" status="PASS">
          <reporter-output>
          </reporter-output>
        </test-method> <!-- test -->
        <test-method is-config="true" signature="tearDown()[pri:0, instance:Group.Framework.AmazonTest@16ec5519]" started-at="2018-08-17T22:28:05Z" name="tearDown" finished-at="2018-08-17T22:28:06Z" duration-ms="741" status="PASS">
          <reporter-output>
          </reporter-output>
        </test-method> <!-- tearDown -->
      </class> <!-- Group.Framework.AmazonTest -->
    </test> <!-- Surefire test -->
  </suite> <!-- Surefire suite -->
</testng-results>
